<?xml version="1.0" encoding="UTF-8"?>
<!-- Generated by org.testng.reporters.JUnitReportReporter -->
<testsuite skipped="0" hostname="Manoj" name="tests.Runner" tests="2" failures="0" timestamp="2023-03-13T13:24:10 IST" time="14.111" errors="0">
  <testcase name="runScenario" time="8.376" classname="tests.Runner"/>
  <system-out/>
  <testcase name="runScenario" time="5.735" classname="tests.Runner"/>
  <system-out/>
</testsuite> <!-- tests.Runner -->
