<?xml version="1.0" encoding="UTF-8"?>
<!-- Generated by org.testng.reporters.JUnitReportReporter -->
<testsuite skipped="0" hostname="Manoj" name="tests.Runner" tests="2" failures="0" timestamp="2023-04-05T23:17:55 IST" time="13.085" errors="0">
  <testcase name="runScenario" time="8.319" classname="tests.Runner"/>
  <system-out/>
  <testcase name="runScenario" time="4.766" classname="tests.Runner"/>
  <system-out/>
</testsuite> <!-- tests.Runner -->
