<?xml version="1.0" encoding="UTF-8"?>
<!-- Generated by org.testng.reporters.JUnitReportReporter -->
<testsuite skipped="0" hostname="Manoj" name="tests.Runner" tests="2" failures="0" timestamp="2023-03-12T00:20:25 IST" time="11.328" errors="0">
  <testcase name="runScenario" time="6.980" classname="tests.Runner"/>
  <system-out/>
  <testcase name="runScenario" time="4.348" classname="tests.Runner"/>
  <system-out/>
</testsuite> <!-- tests.Runner -->
