<?xml version="1.0" encoding="UTF-8"?>
<!-- Generated by org.testng.reporters.JUnitReportReporter -->
<testsuite skipped="0" hostname="Manoj" name="tests.Runner" tests="2" failures="0" timestamp="2023-03-15T18:10:01 IST" time="13.591" errors="0">
  <testcase name="runScenario" time="7.976" classname="tests.Runner"/>
  <system-out/>
  <testcase name="runScenario" time="5.615" classname="tests.Runner"/>
  <system-out/>
</testsuite> <!-- tests.Runner -->
